aaaaa
Thu Jan  7 18:10:01 CST 2016
aaaaa
Thu Jan  7 19:10:01 CST 2016
aaaaa
Thu Jan  7 20:10:01 CST 2016
aaaaa
Thu Jan  7 21:10:01 CST 2016
aaaaa
Thu Jan  7 22:10:01 CST 2016
aaaaa
Thu Jan  7 23:10:01 CST 2016
aaaaa
Fri Jan  8 00:10:01 CST 2016
aaaaa
Fri Jan  8 01:10:01 CST 2016
aaaaa
Fri Jan  8 02:10:01 CST 2016
aaaaa
Fri Jan  8 03:10:01 CST 2016
aaaaa
Fri Jan  8 04:10:01 CST 2016
aaaaa
Fri Jan  8 05:10:01 CST 2016
aaaaa
Fri Jan  8 06:10:01 CST 2016
aaaaa
Fri Jan  8 07:10:01 CST 2016
aaaaa
Fri Jan  8 08:10:01 CST 2016
aaaaa
Fri Jan  8 09:10:01 CST 2016
aaaaa
Fri Jan  8 10:10:01 CST 2016
aaaaa
Fri Jan  8 11:10:01 CST 2016
aaaaa
Fri Jan  8 12:10:01 CST 2016
aaaaa
Fri Jan  8 13:10:01 CST 2016
aaaaa
Fri Jan  8 14:10:01 CST 2016
aaaaa
Fri Jan  8 15:10:01 CST 2016
aaaaa
Fri Jan  8 16:10:01 CST 2016
aaaaa
Fri Jan  8 17:10:01 CST 2016
aaaaa
Fri Jan  8 18:10:01 CST 2016
aaaaa
Fri Jan  8 19:10:01 CST 2016
aaaaa
Fri Jan  8 20:10:01 CST 2016
aaaaa
Fri Jan  8 21:10:01 CST 2016
aaaaa
Fri Jan  8 22:10:01 CST 2016
aaaaa
Fri Jan  8 23:10:01 CST 2016
aaaaa
Sat Jan  9 00:10:01 CST 2016
aaaaa
Sat Jan  9 01:10:01 CST 2016
aaaaa
Sat Jan  9 02:10:01 CST 2016
aaaaa
Sat Jan  9 03:10:01 CST 2016
aaaaa
Sat Jan  9 04:10:01 CST 2016
aaaaa
Sat Jan  9 05:10:01 CST 2016
aaaaa
Sat Jan  9 06:10:01 CST 2016
aaaaa
Sat Jan  9 07:10:01 CST 2016
aaaaa
Sat Jan  9 08:10:01 CST 2016
aaaaa
Sat Jan  9 09:10:01 CST 2016
aaaaa
Sat Jan  9 10:10:01 CST 2016
aaaaa
Sat Jan  9 11:10:01 CST 2016
aaaaa
Sat Jan  9 12:10:01 CST 2016
aaaaa
Sat Jan  9 13:10:01 CST 2016
aaaaa
Sat Jan  9 14:10:01 CST 2016
aaaaa
Sat Jan  9 15:10:01 CST 2016
aaaaa
Sat Jan  9 16:10:01 CST 2016
aaaaa
Sat Jan  9 17:10:01 CST 2016
aaaaa
Sat Jan  9 18:10:01 CST 2016
aaaaa
Sat Jan  9 19:10:01 CST 2016
aaaaa
Sat Jan  9 20:10:01 CST 2016
aaaaa
Sat Jan  9 21:10:01 CST 2016
aaaaa
Sat Jan  9 22:10:01 CST 2016
aaaaa
Sat Jan  9 23:10:02 CST 2016
aaaaa
Sun Jan 10 00:10:01 CST 2016
aaaaa
Sun Jan 10 01:10:01 CST 2016
aaaaa
Sun Jan 10 02:10:01 CST 2016
aaaaa
Sun Jan 10 03:10:01 CST 2016
aaaaa
Sun Jan 10 04:10:01 CST 2016
aaaaa
Sun Jan 10 05:10:01 CST 2016
aaaaa
Sun Jan 10 06:10:01 CST 2016
aaaaa
Sun Jan 10 07:10:01 CST 2016
aaaaa
Sun Jan 10 08:10:01 CST 2016
aaaaa
Sun Jan 10 09:10:01 CST 2016
aaaaa
Sun Jan 10 10:10:02 CST 2016
aaaaa
Sun Jan 10 11:10:01 CST 2016
aaaaa
Sun Jan 10 12:10:01 CST 2016
aaaaa
Sun Jan 10 13:10:01 CST 2016
aaaaa
Sun Jan 10 14:10:01 CST 2016
aaaaa
Sun Jan 10 15:10:01 CST 2016
aaaaa
Sun Jan 10 16:10:01 CST 2016
aaaaa
Sun Jan 10 17:10:01 CST 2016
aaaaa
Sun Jan 10 18:10:01 CST 2016
aaaaa
Sun Jan 10 19:10:01 CST 2016
aaaaa
Sun Jan 10 20:10:01 CST 2016
aaaaa
Sun Jan 10 21:10:01 CST 2016
aaaaa
Sun Jan 10 22:10:01 CST 2016
aaaaa
Sun Jan 10 23:10:01 CST 2016
aaaaa
Mon Jan 11 00:10:01 CST 2016
aaaaa
Mon Jan 11 01:10:01 CST 2016
aaaaa
Mon Jan 11 02:10:01 CST 2016
aaaaa
Mon Jan 11 03:10:01 CST 2016
aaaaa
Mon Jan 11 04:10:01 CST 2016
aaaaa
Mon Jan 11 05:10:01 CST 2016
aaaaa
Mon Jan 11 06:10:01 CST 2016
aaaaa
Mon Jan 11 07:10:01 CST 2016
aaaaa
Mon Jan 11 08:10:01 CST 2016
aaaaa
Mon Jan 11 09:10:01 CST 2016
aaaaa
Mon Jan 11 10:10:01 CST 2016
aaaaa
Mon Jan 11 11:10:01 CST 2016
aaaaa
Mon Jan 11 12:10:01 CST 2016
aaaaa
Mon Jan 11 13:10:01 CST 2016
aaaaa
Mon Jan 11 14:10:01 CST 2016
aaaaa
Mon Jan 11 15:10:01 CST 2016
aaaaa
Mon Jan 11 16:10:01 CST 2016
aaaaa
Mon Jan 11 17:10:01 CST 2016
aaaaa
Mon Jan 11 18:10:01 CST 2016
aaaaa
Mon Jan 11 19:10:01 CST 2016
aaaaa
Mon Jan 11 20:10:01 CST 2016
aaaaa
Mon Jan 11 21:10:01 CST 2016
aaaaa
Mon Jan 11 22:10:01 CST 2016
aaaaa
Mon Jan 11 23:10:01 CST 2016
aaaaa
Tue Jan 12 00:10:01 CST 2016
aaaaa
Tue Jan 12 01:10:01 CST 2016
aaaaa
Tue Jan 12 02:10:01 CST 2016
aaaaa
Tue Jan 12 03:10:01 CST 2016
aaaaa
Tue Jan 12 04:10:01 CST 2016
aaaaa
Tue Jan 12 05:10:01 CST 2016
aaaaa
Tue Jan 12 06:10:01 CST 2016
aaaaa
Tue Jan 12 07:10:01 CST 2016
aaaaa
Tue Jan 12 08:10:01 CST 2016
aaaaa
Tue Jan 12 09:10:01 CST 2016
aaaaa
Tue Jan 12 10:10:01 CST 2016
aaaaa
Tue Jan 12 11:10:01 CST 2016
aaaaa
Tue Jan 12 12:10:01 CST 2016
aaaaa
Tue Jan 12 13:10:01 CST 2016
aaaaa
Tue Jan 12 14:10:01 CST 2016
aaaaa
Tue Jan 12 15:10:01 CST 2016
aaaaa
Tue Jan 12 16:10:01 CST 2016
aaaaa
Tue Jan 12 17:10:01 CST 2016
aaaaa
Tue Jan 12 18:10:01 CST 2016
aaaaa
Tue Jan 12 19:10:02 CST 2016
aaaaa
Tue Jan 12 20:10:01 CST 2016
aaaaa
Tue Jan 12 21:10:01 CST 2016
aaaaa
Tue Jan 12 22:10:01 CST 2016
aaaaa
Tue Jan 12 23:10:01 CST 2016
aaaaa
Wed Jan 13 00:10:01 CST 2016
aaaaa
Wed Jan 13 01:10:01 CST 2016
aaaaa
Wed Jan 13 02:10:01 CST 2016
aaaaa
Wed Jan 13 03:10:01 CST 2016
aaaaa
Wed Jan 13 04:10:01 CST 2016
aaaaa
Wed Jan 13 05:10:01 CST 2016
aaaaa
Wed Jan 13 06:10:01 CST 2016
aaaaa
Wed Jan 13 07:10:01 CST 2016
aaaaa
Wed Jan 13 08:10:01 CST 2016
aaaaa
Wed Jan 13 09:10:01 CST 2016
aaaaa
Wed Jan 13 10:10:01 CST 2016
aaaaa
Wed Jan 13 11:10:01 CST 2016
aaaaa
Wed Jan 13 12:10:01 CST 2016
aaaaa
Wed Jan 13 13:10:01 CST 2016
aaaaa
Wed Jan 13 14:10:02 CST 2016
aaaaa
Wed Jan 13 15:10:01 CST 2016
aaaaa
Wed Jan 13 16:10:01 CST 2016
aaaaa
Wed Jan 13 17:10:01 CST 2016
aaaaa
Wed Jan 13 18:10:01 CST 2016
aaaaa
Wed Jan 13 19:10:01 CST 2016
aaaaa
Wed Jan 13 20:10:01 CST 2016
aaaaa
Wed Jan 13 21:10:01 CST 2016
aaaaa
Wed Jan 13 22:10:01 CST 2016
aaaaa
Wed Jan 13 23:10:01 CST 2016
aaaaa
Thu Jan 14 00:10:01 CST 2016
aaaaa
Thu Jan 14 01:10:01 CST 2016
aaaaa
Thu Jan 14 02:10:01 CST 2016
aaaaa
Thu Jan 14 03:10:01 CST 2016
aaaaa
Thu Jan 14 04:10:01 CST 2016
aaaaa
Thu Jan 14 05:10:01 CST 2016
aaaaa
Thu Jan 14 06:10:01 CST 2016
aaaaa
Thu Jan 14 07:10:01 CST 2016
aaaaa
Thu Jan 14 08:10:01 CST 2016
aaaaa
Thu Jan 14 09:10:01 CST 2016
